mode: set
github.com/andkolbe/go-chat/cmd/web/routes.go:11.28,30.2 12 1
github.com/andkolbe/go-chat/cmd/web/main.go:29.13,32.16 2 0
github.com/andkolbe/go-chat/cmd/web/main.go:36.2,40.39 3 0
github.com/andkolbe/go-chat/cmd/web/main.go:32.16,34.3 1 0
github.com/andkolbe/go-chat/cmd/web/main.go:44.18,65.16 11 1
github.com/andkolbe/go-chat/cmd/web/main.go:68.2,83.12 7 1
github.com/andkolbe/go-chat/cmd/web/main.go:65.16,67.3 1 0
github.com/andkolbe/go-chat/cmd/web/middleware.go:9.45,21.2 3 1
github.com/andkolbe/go-chat/cmd/web/middleware.go:25.50,27.2 1 1
